<?xml version="1.0" encoding="UTF-8"?>
<!-- Generated by org.testng.reporters.JUnitXMLReporter -->
<testsuite ignored="0" hostname="Win10-2-205" failures="0" tests="7" name="Default test" time="12.364" errors="0" timestamp="2022-01-05T01:24:47 IST">
  <testcase classname="ZeroBank.ZeroBankTest" name="@BeforeMethod LoginTest_CorrectUsername_CorrectPassword" time="12.192">
    <failure type="org.openqa.selenium.WebDriverException" message="chrome not reachable
  (Session info: chrome=96.0.4664.110)
Build info: version: &amp;apos;3.141.59&amp;apos;, revision: &amp;apos;e82be7d358&amp;apos;, time: &amp;apos;2018-11-14T08:25:48&amp;apos;
System info: host: &amp;apos;WIN10-2-205&amp;apos;, ip: &amp;apos;192.168.2.205&amp;apos;, os.name: &amp;apos;Windows 10&amp;apos;, os.arch: &amp;apos;amd64&amp;apos;, os.version: &amp;apos;10.0&amp;apos;, java.version: &amp;apos;17.0.1&amp;apos;
Driver info: org.openqa.selenium.chrome.ChromeDriver
Capabilities {acceptInsecureCerts: false, browserName: chrome, browserVersion: 96.0.4664.110, chrome: {chromedriverVersion: 96.0.4664.45 (76e4c1bb2ab46..., userDataDir: C:\Users\ADMINI~1\AppData\L...}, goog:chromeOptions: {debuggerAddress: localhost:59641}, javascriptEnabled: true, networkConnectionEnabled: false, pageLoadStrategy: normal, platform: WINDOWS, platformName: WINDOWS, proxy: Proxy(), setWindowRect: true, strictFileInteractability: false, timeouts: {implicit: 0, pageLoad: 300000, script: 30000}, unhandledPromptBehavior: dismiss and notify, webauthn:extension:credBlob: true, webauthn:extension:largeBlob: true, webauthn:virtualAuthenticators: true}
Session ID: 5fd354af73bfb3007137e19b4198b10b
*** Element info: {Using=xpath, value=//button[@id=&amp;apos;signin_button&amp;apos;]}">
      <![CDATA[org.openqa.selenium.WebDriverException: chrome not reachable
  (Session info: chrome=96.0.4664.110)
Build info: version: '3.141.59', revision: 'e82be7d358', time: '2018-11-14T08:25:48'
System info: host: 'WIN10-2-205', ip: '192.168.2.205', os.name: 'Windows 10', os.arch: 'amd64', os.version: '10.0', java.version: '17.0.1'
Driver info: org.openqa.selenium.chrome.ChromeDriver
Capabilities {acceptInsecureCerts: false, browserName: chrome, browserVersion: 96.0.4664.110, chrome: {chromedriverVersion: 96.0.4664.45 (76e4c1bb2ab46..., userDataDir: C:\Users\ADMINI~1\AppData\L...}, goog:chromeOptions: {debuggerAddress: localhost:59641}, javascriptEnabled: true, networkConnectionEnabled: false, pageLoadStrategy: normal, platform: WINDOWS, platformName: WINDOWS, proxy: Proxy(), setWindowRect: true, strictFileInteractability: false, timeouts: {implicit: 0, pageLoad: 300000, script: 30000}, unhandledPromptBehavior: dismiss and notify, webauthn:extension:credBlob: true, webauthn:extension:largeBlob: true, webauthn:virtualAuthenticators: true}
Session ID: 5fd354af73bfb3007137e19b4198b10b
*** Element info: {Using=xpath, value=//button[@id='signin_button']}
at java.base/jdk.internal.reflect.NativeConstructorAccessorImpl.newInstance0(Native Method)
at java.base/jdk.internal.reflect.NativeConstructorAccessorImpl.newInstance(NativeConstructorAccessorImpl.java:77)
at java.base/jdk.internal.reflect.DelegatingConstructorAccessorImpl.newInstance(DelegatingConstructorAccessorImpl.java:45)
at java.base/java.lang.reflect.Constructor.newInstanceWithCaller(Constructor.java:499)
at java.base/java.lang.reflect.Constructor.newInstance(Constructor.java:480)
at org.openqa.selenium.remote.http.W3CHttpResponseCodec.createException(W3CHttpResponseCodec.java:187)
at org.openqa.selenium.remote.http.W3CHttpResponseCodec.decode(W3CHttpResponseCodec.java:122)
at org.openqa.selenium.remote.http.W3CHttpResponseCodec.decode(W3CHttpResponseCodec.java:49)
at org.openqa.selenium.remote.HttpCommandExecutor.execute(HttpCommandExecutor.java:158)
at org.openqa.selenium.remote.service.DriverCommandExecutor.execute(DriverCommandExecutor.java:83)
at org.openqa.selenium.remote.RemoteWebDriver.execute(RemoteWebDriver.java:552)
at org.openqa.selenium.remote.RemoteWebDriver.findElement(RemoteWebDriver.java:323)
at org.openqa.selenium.remote.RemoteWebDriver.findElementByXPath(RemoteWebDriver.java:428)
at org.openqa.selenium.By$ByXPath.findElement(By.java:353)
at org.openqa.selenium.remote.RemoteWebDriver.findElement(RemoteWebDriver.java:315)
at ZeroBank.ZeroBankTest.LoginTest_CorrectUsername_CorrectPassword(ZeroBankTest.java:53)
at java.base/jdk.internal.reflect.NativeMethodAccessorImpl.invoke0(Native Method)
at java.base/jdk.internal.reflect.NativeMethodAccessorImpl.invoke(NativeMethodAccessorImpl.java:77)
at java.base/jdk.internal.reflect.DelegatingMethodAccessorImpl.invoke(DelegatingMethodAccessorImpl.java:43)
at java.base/java.lang.reflect.Method.invoke(Method.java:568)
at org.testng.internal.MethodInvocationHelper.invokeMethod(MethodInvocationHelper.java:133)
at org.testng.internal.MethodInvocationHelper.invokeMethodConsideringTimeout(MethodInvocationHelper.java:62)
at org.testng.internal.ConfigInvoker.invokeConfigurationMethod(ConfigInvoker.java:385)
at org.testng.internal.ConfigInvoker.invokeConfigurations(ConfigInvoker.java:321)
at org.testng.internal.TestInvoker.runConfigMethods(TestInvoker.java:700)
at org.testng.internal.TestInvoker.invokeMethod(TestInvoker.java:527)
at org.testng.internal.TestInvoker.invokeTestMethod(TestInvoker.java:173)
at org.testng.internal.MethodRunner.runInSequence(MethodRunner.java:46)
at org.testng.internal.TestInvoker$MethodInvocationAgent.invoke(TestInvoker.java:824)
at org.testng.internal.TestInvoker.invokeTestMethods(TestInvoker.java:146)
at org.testng.internal.TestMethodWorker.invokeTestMethods(TestMethodWorker.java:146)
at org.testng.internal.TestMethodWorker.run(TestMethodWorker.java:128)
at java.base/java.util.ArrayList.forEach(ArrayList.java:1511)
at org.testng.TestRunner.privateRun(TestRunner.java:794)
at org.testng.TestRunner.run(TestRunner.java:596)
at org.testng.SuiteRunner.runTest(SuiteRunner.java:377)
at org.testng.SuiteRunner.runSequentially(SuiteRunner.java:371)
at org.testng.SuiteRunner.privateRun(SuiteRunner.java:332)
at org.testng.SuiteRunner.run(SuiteRunner.java:276)
at org.testng.SuiteRunnerWorker.runSuite(SuiteRunnerWorker.java:53)
at org.testng.SuiteRunnerWorker.run(SuiteRunnerWorker.java:96)
at org.testng.TestNG.runSuitesSequentially(TestNG.java:1212)
at org.testng.TestNG.runSuitesLocally(TestNG.java:1134)
at org.testng.TestNG.runSuites(TestNG.java:1063)
at org.testng.TestNG.run(TestNG.java:1031)
at org.testng.remote.AbstractRemoteTestNG.run(AbstractRemoteTestNG.java:115)
at org.testng.remote.RemoteTestNG.initAndRun(RemoteTestNG.java:251)
at org.testng.remote.RemoteTestNG.main(RemoteTestNG.java:77)
]]>
    </failure>
  </testcase> <!-- @BeforeMethod LoginTest_CorrectUsername_CorrectPassword -->
  <testcase classname="ZeroBank.ZeroBankTest" name="@AfterMethod Logout" time="-1.641326087833E9">
    <skipped/>
  </testcase> <!-- @AfterMethod Logout -->
  <testcase classname="ZeroBank.ZeroBankTest" name="@BeforeMethod LoginTest_CorrectUsername_CorrectPassword" time="-1.641326087839E9">
    <skipped/>
  </testcase> <!-- @BeforeMethod LoginTest_CorrectUsername_CorrectPassword -->
  <testcase classname="ZeroBank.ZeroBankTest" name="@AfterMethod Logout" time="-1.641326087845E9">
    <skipped/>
  </testcase> <!-- @AfterMethod Logout -->
  <testcase classname="ZeroBank.ZeroBankTest" name="@BeforeMethod LoginTest_CorrectUsername_CorrectPassword" time="-1.641326087848E9">
    <skipped/>
  </testcase> <!-- @BeforeMethod LoginTest_CorrectUsername_CorrectPassword -->
  <testcase classname="ZeroBank.ZeroBankTest" name="@AfterMethod Logout" time="-1.641326087858E9">
    <skipped/>
  </testcase> <!-- @AfterMethod Logout -->
  <testcase classname="ZeroBank.ZeroBankTest" name="@BeforeMethod LoginTest_CorrectUsername_CorrectPassword" time="-1.641326087864E9">
    <skipped/>
  </testcase> <!-- @BeforeMethod LoginTest_CorrectUsername_CorrectPassword -->
  <testcase classname="ZeroBank.ZeroBankTest" name="@AfterMethod Logout" time="-1.641326087871E9">
    <skipped/>
  </testcase> <!-- @AfterMethod Logout -->
  <testcase classname="ZeroBank.ZeroBankTest" name="@BeforeMethod LoginTest_CorrectUsername_CorrectPassword" time="-1.641326087874E9">
    <skipped/>
  </testcase> <!-- @BeforeMethod LoginTest_CorrectUsername_CorrectPassword -->
  <testcase classname="ZeroBank.ZeroBankTest" name="@AfterMethod Logout" time="-1.641326087894E9">
    <skipped/>
  </testcase> <!-- @AfterMethod Logout -->
  <testcase classname="ZeroBank.ZeroBankTest" name="@BeforeMethod LoginTest_CorrectUsername_CorrectPassword" time="-1.641326087896E9">
    <skipped/>
  </testcase> <!-- @BeforeMethod LoginTest_CorrectUsername_CorrectPassword -->
  <testcase classname="ZeroBank.ZeroBankTest" name="@AfterMethod Logout" time="-1.641326087908E9">
    <skipped/>
  </testcase> <!-- @AfterMethod Logout -->
  <testcase classname="ZeroBank.ZeroBankTest" name="@BeforeMethod LoginTest_CorrectUsername_CorrectPassword" time="-1.641326087915E9">
    <skipped/>
  </testcase> <!-- @BeforeMethod LoginTest_CorrectUsername_CorrectPassword -->
  <testcase classname="ZeroBank.ZeroBankTest" name="@AfterMethod Logout" time="-1.641326087924E9">
    <skipped/>
  </testcase> <!-- @AfterMethod Logout -->
  <testcase classname="ZeroBank.ZeroBankTest" name="Purchase_Foreign_Currency_Cash_Alert_Test" time="0.0">
    <skipped/>
  </testcase> <!-- Purchase_Foreign_Currency_Cash_Alert_Test -->
  <testcase classname="ZeroBank.ZeroBankTest" name="Fund_Transfer_Test" time="0.0">
    <skipped/>
  </testcase> <!-- Fund_Transfer_Test -->
  <testcase classname="ZeroBank.ZeroBankTest" name="Purchase_Foreign_Currency_Cash_Invalid_Amount_Test" time="0.0">
    <skipped/>
  </testcase> <!-- Purchase_Foreign_Currency_Cash_Invalid_Amount_Test -->
  <testcase classname="ZeroBank.ZeroBankTest" name="Fund_Transfer_Test_NotContinue_for_InvalidValue" time="0.0">
    <skipped/>
  </testcase> <!-- Fund_Transfer_Test_NotContinue_for_InvalidValue -->
  <testcase classname="ZeroBank.ZeroBankTest" name="Invalid_Data_In_Search" time="0.0">
    <skipped/>
  </testcase> <!-- Invalid_Data_In_Search -->
  <testcase classname="ZeroBank.ZeroBankTest" name="On_Cancel_Go_Back" time="0.0">
    <skipped/>
  </testcase> <!-- On_Cancel_Go_Back -->
  <testcase classname="ZeroBank.ZeroBankTest" name="LoginTest_IncorrectUsername_CorrectPassword" time="0.0">
    <skipped/>
  </testcase> <!-- LoginTest_IncorrectUsername_CorrectPassword -->
</testsuite> <!-- Default test -->
